[17May2025 00:00:10.936] [Netty Epoll Server IO #5/WARN] [com.connectivity.Connectivity/]: Packet:ServerboundAcceptTeleportationPacket  id 0 larger than expected error detected, printing packet and buffer. Stacktrace gets logged after this
[17May2025 00:00:10.938] [Netty Epoll Server IO #5/WARN] [com.connectivity.Connectivity/]: Packet data:
{
  "f_133785_": 11973
}
[17May2025 00:00:10.938] [Netty Epoll Server IO #5/WARN] [com.connectivity.Connectivity/]: Packet:PooledUnsafeDirectByteBuf  id 0 data of 47 extra bytes: 
[17May2025 00:00:10.938] [Netty Epoll Server IO #5/WARN] [com.connectivity.Connectivity/]: Packet data:
[
  "T6ig_{)]_480qfF."
]
[17May2025 00:08:27.176] [Server thread/INFO] [net.minecraft.world.entity.npc.Villager/]: Villager Villager['Unemployed'/12141, l='ServerLevel[world]', x=200.81, y=-256.00, z=180.26] died, message: 'Unemployed was killed'
[17May2025 00:10:10.179] [Server thread/WARN] [net.minecraft.world.level.storage.loot.functions.SetItemDamageFunction/]: Couldn't set damage of loot item 0 air
[17May2025 00:11:30.755] [Netty Epoll Server IO #6/WARN] [com.connectivity.Connectivity/]: Packet:ServerboundAcceptTeleportationPacket  id 0 larger than expected error detected, printing packet and buffer. Stacktrace gets logged after this
[17May2025 00:11:30.755] [Netty Epoll Server IO #6/WARN] [com.connectivity.Connectivity/]: Packet data:
{
  "f_133785_": 9766
}
[17May2025 00:11:30.755] [Netty Epoll Server IO #6/WARN] [com.connectivity.Connectivity/]: Packet:PooledUnsafeDirectByteBuf  id 0 data of 47 extra bytes: 
[17May2025 00:11:30.756] [Netty Epoll Server IO #6/WARN] [com.connectivity.Connectivity/]: Packet data:
[
  "@JK1T \")&]480:#!M"
]
[17May2025 00:16:09.954] [Netty Epoll Server IO #0/WARN] [com.connectivity.Connectivity/]: Packet:ServerboundAcceptTeleportationPacket  id 0 larger than expected error detected, printing packet and buffer. Stacktrace gets logged after this
[17May2025 00:16:09.954] [Netty Epoll Server IO #0/WARN] [com.connectivity.Connectivity/]: Packet data:
{
  "f_133785_": 5537
}
[17May2025 00:16:09.955] [Netty Epoll Server IO #0/WARN] [com.connectivity.Connectivity/]: Packet:PooledUnsafeDirectByteBuf  id 0 data of 47 extra bytes: 
[17May2025 00:16:09.955] [Netty Epoll Server IO #0/WARN] [com.connectivity.Connectivity/]: Packet data:
[
  ",@]LkjkF\\p304lq$WNvA"
]
[17May2025 00:17:10.496] [Netty Epoll Server IO #1/WARN] [com.connectivity.Connectivity/]: Packet:ServerboundAcceptTeleportationPacket  id 0 larger than expected error detected, printing packet and buffer. Stacktrace gets logged after this
[17May2025 00:17:10.496] [Netty Epoll Server IO #1/WARN] [com.connectivity.Connectivity/]: Packet data:
{
  "f_133785_": 68
}
[17May2025 00:17:10.497] [Netty Epoll Server IO #1/WARN] [com.connectivity.Connectivity/]: Packet:PooledUnsafeDirectByteBuf  id 0 data of 48 extra bytes: 
[17May2025 00:17:10.497] [Netty Epoll Server IO #1/WARN] [com.connectivity.Connectivity/]: Packet data:
[
  ">R)?\":y*480&34Uv"
]
[17May2025 00:21:18.698] [Netty Epoll Server IO #3/WARN] [com.connectivity.Connectivity/]: Packet:ServerboundAcceptTeleportationPacket  id 0 larger than expected error detected, printing packet and buffer. Stacktrace gets logged after this
[17May2025 00:21:18.699] [Netty Epoll Server IO #3/WARN] [com.connectivity.Connectivity/]: Packet data:
{
  "f_133785_": 45
}
[17May2025 00:21:18.699] [Netty Epoll Server IO #3/WARN] [com.connectivity.Connectivity/]: Packet:PooledUnsafeDirectByteBuf  id 0 data of 48 extra bytes: 
[17May2025 00:21:18.699] [Netty Epoll Server IO #3/WARN] [com.connectivity.Connectivity/]: Packet data:
[
  " _ImF-zy]Vb|336BD!Ne,`"
]
[17May2025 00:22:54.516] [Netty Epoll Server IO #4/WARN] [com.connectivity.Connectivity/]: Packet:ServerboundAcceptTeleportationPacket  id 0 larger than expected error detected, printing packet and buffer. Stacktrace gets logged after this
[17May2025 00:22:54.516] [Netty Epoll Server IO #4/WARN] [com.connectivity.Connectivity/]: Packet data:
{
  "f_133785_": 29
}
[17May2025 00:22:54.516] [Netty Epoll Server IO #4/WARN] [com.connectivity.Connectivity/]: Packet:PooledUnsafeDirectByteBuf  id 0 data of 48 extra bytes: 
[17May2025 00:22:54.517] [Netty Epoll Server IO #4/WARN] [com.connectivity.Connectivity/]: Packet data:
[
  "p&0P8|x480rH9Z"
]
[17May2025 00:26:45.583] [Netty Epoll Server IO #6/WARN] [com.connectivity.Connectivity/]: Packet:ServerboundAcceptTeleportationPacket  id 0 larger than expected error detected, printing packet and buffer. Stacktrace gets logged after this
[17May2025 00:26:45.583] [Netty Epoll Server IO #6/WARN] [com.connectivity.Connectivity/]: Packet data:
{
  "f_133785_": 7997
}
[17May2025 00:26:45.583] [Netty Epoll Server IO #6/WARN] [com.connectivity.Connectivity/]: Packet:PooledUnsafeDirectByteBuf  id 0 data of 47 extra bytes: 
[17May2025 00:26:45.583] [Netty Epoll Server IO #6/WARN] [com.connectivity.Connectivity/]: Packet data:
[
  "vQ286+R2`5_atx83366>hD"
]
[17May2025 00:36:45.680] [Netty Epoll Server IO #0/WARN] [com.connectivity.Connectivity/]: Packet:ServerboundAcceptTeleportationPacket  id 0 larger than expected error detected, printing packet and buffer. Stacktrace gets logged after this
[17May2025 00:36:45.681] [Netty Epoll Server IO #0/WARN] [com.connectivity.Connectivity/]: Packet data:
{
  "f_133785_": 9081
}
[17May2025 00:36:45.681] [Netty Epoll Server IO #0/WARN] [com.connectivity.Connectivity/]: Packet:PooledUnsafeDirectByteBuf  id 0 data of 47 extra bytes: 
[17May2025 00:36:45.681] [Netty Epoll Server IO #0/WARN] [com.connectivity.Connectivity/]: Packet data:
[
  "src=fZ~7'.pDERt304~i7Q ZW"
]
[17May2025 00:41:19.866] [Netty Epoll Server IO #1/WARN] [com.connectivity.Connectivity/]: Packet:ServerboundAcceptTeleportationPacket  id 0 larger than expected error detected, printing packet and buffer. Stacktrace gets logged after this
[17May2025 00:41:19.867] [Netty Epoll Server IO #1/WARN] [com.connectivity.Connectivity/]: Packet data:
{
  "f_133785_": 127621351
}
[17May2025 00:41:19.867] [Netty Epoll Server IO #1/WARN] [com.connectivity.Connectivity/]: Packet:PooledUnsafeDirectByteBuf  id 0 data of 45 extra bytes: 
[17May2025 00:41:19.867] [Netty Epoll Server IO #1/WARN] [com.connectivity.Connectivity/]: Packet data:
[
  ";\\|iX,mTtm480phXr."
]
[17May2025 00:45:25.000] [Netty Epoll Server IO #3/WARN] [com.connectivity.Connectivity/]: Packet:ServerboundAcceptTeleportationPacket  id 0 larger than expected error detected, printing packet and buffer. Stacktrace gets logged after this
[17May2025 00:45:25.001] [Netty Epoll Server IO #3/WARN] [com.connectivity.Connectivity/]: Packet data:
{
  "f_133785_": 586650
}
[17May2025 00:45:25.001] [Netty Epoll Server IO #3/WARN] [com.connectivity.Connectivity/]: Packet:PooledUnsafeDirectByteBuf  id 0 data of 46 extra bytes: 
[17May2025 00:45:25.001] [Netty Epoll Server IO #3/WARN] [com.connectivity.Connectivity/]: Packet data:
[
  "nc8KjDD;xWj7e320,a%"
]
[17May2025 00:48:39.957] [Netty Epoll Server IO #5/WARN] [com.connectivity.Connectivity/]: Packet:ServerboundAcceptTeleportationPacket  id 0 larger than expected error detected, printing packet and buffer. Stacktrace gets logged after this
[17May2025 00:48:39.957] [Netty Epoll Server IO #5/WARN] [com.connectivity.Connectivity/]: Packet data:
{
  "f_133785_": 2047751
}
[17May2025 00:48:39.957] [Netty Epoll Server IO #5/WARN] [com.connectivity.Connectivity/]: Packet:PooledUnsafeDirectByteBuf  id 0 data of 46 extra bytes: 
[17May2025 00:48:39.958] [Netty Epoll Server IO #5/WARN] [com.connectivity.Connectivity/]: Packet data:
[
  "T+O\\tYL/336Y$TJ/p"
]
[17May2025 00:52:34.531] [Netty Epoll Server IO #7/WARN] [com.connectivity.Connectivity/]: Packet:ServerboundAcceptTeleportationPacket  id 0 larger than expected error detected, printing packet and buffer. Stacktrace gets logged after this
[17May2025 00:52:34.532] [Netty Epoll Server IO #7/WARN] [com.connectivity.Connectivity/]: Packet data:
{
  "f_133785_": 7556
}
[17May2025 00:52:34.532] [Netty Epoll Server IO #7/WARN] [com.connectivity.Connectivity/]: Packet:PooledUnsafeDirectByteBuf  id 0 data of 47 extra bytes: 
[17May2025 00:52:34.532] [Netty Epoll Server IO #7/WARN] [com.connectivity.Connectivity/]: Packet data:
[
  "$~x7v\"r zEhQP'O@'.32076|p*"
]
[17May2025 00:54:18.957] [Netty Epoll Server IO #0/WARN] [com.connectivity.Connectivity/]: Packet:ServerboundAcceptTeleportationPacket  id 0 larger than expected error detected, printing packet and buffer. Stacktrace gets logged after this
[17May2025 00:54:18.957] [Netty Epoll Server IO #0/WARN] [com.connectivity.Connectivity/]: Packet data:
{
  "f_133785_": 140338
}
[17May2025 00:54:18.957] [Netty Epoll Server IO #0/WARN] [com.connectivity.Connectivity/]: Packet:PooledUnsafeDirectByteBuf  id 0 data of 46 extra bytes: 
[17May2025 00:54:18.958] [Netty Epoll Server IO #0/WARN] [com.connectivity.Connectivity/]: Packet data:
[
  "T@2}C\\r3H7480'JAD{"
]
[17May2025 00:57:21.853] [Netty Epoll Server IO #2/WARN] [com.connectivity.Connectivity/]: Packet:ServerboundAcceptTeleportationPacket  id 0 larger than expected error detected, printing packet and buffer. Stacktrace gets logged after this
[17May2025 00:57:21.853] [Netty Epoll Server IO #2/WARN] [com.connectivity.Connectivity/]: Packet data:
{
  "f_133785_": 121
}
[17May2025 00:57:21.853] [Netty Epoll Server IO #2/WARN] [com.connectivity.Connectivity/]: Packet:PooledUnsafeDirectByteBuf  id 0 data of 48 extra bytes: 
[17May2025 00:57:21.854] [Netty Epoll Server IO #2/WARN] [com.connectivity.Connectivity/]: Packet data:
[
  "~%M-c;bTSA+a304ELWa3Fs"
]
[17May2025 00:57:59.097] [Netty Epoll Server IO #4/WARN] [com.connectivity.Connectivity/]: Packet:ServerboundAcceptTeleportationPacket  id 0 larger than expected error detected, printing packet and buffer. Stacktrace gets logged after this
[17May2025 00:57:59.098] [Netty Epoll Server IO #4/WARN] [com.connectivity.Connectivity/]: Packet data:
{
  "f_133785_": 57880026
}
[17May2025 00:57:59.098] [Netty Epoll Server IO #4/WARN] [com.connectivity.Connectivity/]: Packet:PooledUnsafeDirectByteBuf  id 0 data of 45 extra bytes: 
[17May2025 00:57:59.098] [Netty Epoll Server IO #4/WARN] [com.connectivity.Connectivity/]: Packet data:
[
  "!%W1)9%2320/#=&jV|E0"
]
[17May2025 00:59:37.388] [Netty Epoll Server IO #6/WARN] [com.connectivity.Connectivity/]: Packet:ServerboundAcceptTeleportationPacket  id 0 larger than expected error detected, printing packet and buffer. Stacktrace gets logged after this
[17May2025 00:59:37.389] [Netty Epoll Server IO #6/WARN] [com.connectivity.Connectivity/]: Packet data:
{
  "f_133785_": 59
}
[17May2025 00:59:37.389] [Netty Epoll Server IO #6/WARN] [com.connectivity.Connectivity/]: Packet:PooledUnsafeDirectByteBuf  id 0 data of 48 extra bytes: 
[17May2025 00:59:37.389] [Netty Epoll Server IO #6/WARN] [com.connectivity.Connectivity/]: Packet data:
[
  "Q+~bmNL;LOVGu=336;y"
]
[17May2025 01:00:03.499] [Netty Epoll Server IO #7/WARN] [com.connectivity.Connectivity/]: Packet:ServerboundAcceptTeleportationPacket  id 0 larger than expected error detected, printing packet and buffer. Stacktrace gets logged after this
[17May2025 01:00:03.499] [Netty Epoll Server IO #7/WARN] [com.connectivity.Connectivity/]: Packet data:
{
  "f_133785_": 1094460
}
[17May2025 01:00:03.499] [Netty Epoll Server IO #7/WARN] [com.connectivity.Connectivity/]: Packet:PooledUnsafeDirectByteBuf  id 0 data of 46 extra bytes: 
[17May2025 01:00:03.499] [Netty Epoll Server IO #7/WARN] [com.connectivity.Connectivity/]: Packet data:
[
  "~i7!uWsdJx480|0p1p{"
]
[17May2025 01:07:31.817] [Server thread/WARN] [net.minecraft.server.network.ServerGamePacketListenerImpl/]: lobo3224 moved wrongly!
[17May2025 01:07:36.232] [Server thread/INFO] [net.minecraft.server.network.ServerGamePacketListenerImpl/]: lobo3224 lost connection: Disconnected
[17May2025 01:07:36.232] [Server thread/INFO] [net.minecraft.server.MinecraftServer/]: lobo3224 left the game
[17May2025 01:07:36.233] [Server thread/INFO] [voicechat/]: [voicechat] Disconnecting client lobo3224
[17May2025 01:07:46.277] [Server thread/INFO] [net.minecraft.server.MinecraftServer/]: Stopping the server
[17May2025 01:07:46.326] [Server thread/INFO] [com.yellowbrossproductions.illageandspillage.IllageAndSpillage/]: Removed entity.illageandspillage.boss_randomizer from Raids to prevent a post-mod-removal crash
[17May2025 01:07:46.326] [Server thread/INFO] [com.yellowbrossproductions.illageandspillage.IllageAndSpillage/]: Removed entity.illageandspillage.igniter from Raids to prevent a post-mod-removal crash
[17May2025 01:07:46.326] [Server thread/INFO] [com.yellowbrossproductions.illageandspillage.IllageAndSpillage/]: Removed entity.illageandspillage.engineer from Raids to prevent a post-mod-removal crash
[17May2025 01:07:46.326] [Server thread/INFO] [com.yellowbrossproductions.illageandspillage.IllageAndSpillage/]: Removed entity.illageandspillage.twittollager from Raids to prevent a post-mod-removal crash
[17May2025 01:07:46.326] [Server thread/INFO] [com.yellowbrossproductions.illageandspillage.IllageAndSpillage/]: Removed entity.illageandspillage.magispeller from Raids to prevent a post-mod-removal crash
[17May2025 01:07:46.326] [Server thread/INFO] [com.yellowbrossproductions.illageandspillage.IllageAndSpillage/]: Removed entity.illageandspillage.spiritcaller from Raids to prevent a post-mod-removal crash
[17May2025 01:07:46.326] [Server thread/INFO] [com.yellowbrossproductions.illageandspillage.IllageAndSpillage/]: Removed entity.illageandspillage.crocofang from Raids to prevent a post-mod-removal crash
[17May2025 01:07:46.327] [Server thread/INFO] [com.yellowbrossproductions.illageandspillage.IllageAndSpillage/]: Removed entity.illageandspillage.absorber from Raids to prevent a post-mod-removal crash
[17May2025 01:07:46.327] [Server thread/INFO] [com.yellowbrossproductions.illageandspillage.IllageAndSpillage/]: Removed entity.illageandspillage.preserver from Raids to prevent a post-mod-removal crash
[17May2025 01:07:46.327] [Server thread/INFO] [com.yellowbrossproductions.illageandspillage.IllageAndSpillage/]: Removed entity.illageandspillage.freakager from Raids to prevent a post-mod-removal crash
[17May2025 01:07:46.327] [Server thread/INFO] [com.yellowbrossproductions.illageandspillage.IllageAndSpillage/]: Removed entity.illageandspillage.old_freakager from Raids to prevent a post-mod-removal crash
[17May2025 01:07:46.327] [Server thread/INFO] [com.yellowbrossproductions.illageandspillage.IllageAndSpillage/]: Removed entity.illageandspillage.old_magispeller from Raids to prevent a post-mod-removal crash
[17May2025 01:07:46.337] [Server thread/INFO] [net.minecraft.server.MinecraftServer/]: Stopping server
[17May2025 01:07:46.337] [Server thread/INFO] [net.minecraft.server.MinecraftServer/]: Saving players
[17May2025 01:07:46.338] [Server thread/INFO] [net.minecraft.server.MinecraftServer/]: Saving worlds
[17May2025 01:07:46.381] [Server thread/INFO] [net.minecraft.server.MinecraftServer/]: Saving chunks for level 'ServerLevel[world]'/minecraft:overworld
[17May2025 01:07:46.491] [Server thread/INFO] [net.minecraft.server.MinecraftServer/]: Saving chunks for level 'ServerLevel[world]'/minecraft:the_nether
[17May2025 01:07:46.496] [Server thread/INFO] [net.minecraft.server.MinecraftServer/]: Saving chunks for level 'ServerLevel[world]'/minecraft:the_end
[17May2025 01:07:46.497] [Server thread/INFO] [net.minecraft.server.MinecraftServer/]: Saving chunks for level 'ServerLevel[world]'/graveyard:past
[17May2025 01:07:46.556] [Server thread/INFO] [net.minecraft.server.MinecraftServer/]: ThreadedAnvilChunkStorage (world): All chunks are saved
[17May2025 01:07:46.556] [Server thread/INFO] [net.minecraft.server.MinecraftServer/]: ThreadedAnvilChunkStorage (DIM-1): All chunks are saved
[17May2025 01:07:46.556] [Server thread/INFO] [net.minecraft.server.MinecraftServer/]: ThreadedAnvilChunkStorage (DIM1): All chunks are saved
[17May2025 01:07:46.556] [Server thread/INFO] [net.minecraft.server.MinecraftServer/]: ThreadedAnvilChunkStorage (past): All chunks are saved
[17May2025 01:07:46.556] [Server thread/INFO] [net.minecraft.server.MinecraftServer/]: ThreadedAnvilChunkStorage: All dimensions are saved
[17May2025 01:07:46.556] [Server thread/INFO] [com.yellowbrossproductions.illageandspillage.IllageAndSpillage/]: Removed entity.illageandspillage.boss_randomizer from Raids to prevent a post-mod-removal crash
[17May2025 01:07:46.556] [Server thread/INFO] [com.yellowbrossproductions.illageandspillage.IllageAndSpillage/]: Removed entity.illageandspillage.igniter from Raids to prevent a post-mod-removal crash
[17May2025 01:07:46.557] [Server thread/INFO] [com.yellowbrossproductions.illageandspillage.IllageAndSpillage/]: Removed entity.illageandspillage.engineer from Raids to prevent a post-mod-removal crash
[17May2025 01:07:46.557] [Server thread/INFO] [com.yellowbrossproductions.illageandspillage.IllageAndSpillage/]: Removed entity.illageandspillage.twittollager from Raids to prevent a post-mod-removal crash
[17May2025 01:07:46.557] [Server thread/INFO] [com.yellowbrossproductions.illageandspillage.IllageAndSpillage/]: Removed entity.illageandspillage.magispeller from Raids to prevent a post-mod-removal crash
[17May2025 01:07:46.557] [Server thread/INFO] [com.yellowbrossproductions.illageandspillage.IllageAndSpillage/]: Removed entity.illageandspillage.spiritcaller from Raids to prevent a post-mod-removal crash
[17May2025 01:07:46.557] [Server thread/INFO] [com.yellowbrossproductions.illageandspillage.IllageAndSpillage/]: Removed entity.illageandspillage.crocofang from Raids to prevent a post-mod-removal crash
[17May2025 01:07:46.557] [Server thread/INFO] [com.yellowbrossproductions.illageandspillage.IllageAndSpillage/]: Removed entity.illageandspillage.absorber from Raids to prevent a post-mod-removal crash
[17May2025 01:07:46.557] [Server thread/INFO] [com.yellowbrossproductions.illageandspillage.IllageAndSpillage/]: Removed entity.illageandspillage.preserver from Raids to prevent a post-mod-removal crash
[17May2025 01:07:46.557] [Server thread/INFO] [com.yellowbrossproductions.illageandspillage.IllageAndSpillage/]: Removed entity.illageandspillage.freakager from Raids to prevent a post-mod-removal crash
[17May2025 01:07:46.557] [Server thread/INFO] [com.yellowbrossproductions.illageandspillage.IllageAndSpillage/]: Removed entity.illageandspillage.old_freakager from Raids to prevent a post-mod-removal crash
[17May2025 01:07:46.557] [Server thread/INFO] [com.yellowbrossproductions.illageandspillage.IllageAndSpillage/]: Removed entity.illageandspillage.old_magispeller from Raids to prevent a post-mod-removal crash
[17May2025 01:07:46.563] [Server thread/INFO] [com.yellowbrossproductions.illageandspillage.IllageAndSpillage/]: Removed entity.illageandspillage.boss_randomizer from Raids to prevent a post-mod-removal crash
[17May2025 01:07:46.563] [Server thread/INFO] [com.yellowbrossproductions.illageandspillage.IllageAndSpillage/]: Removed entity.illageandspillage.igniter from Raids to prevent a post-mod-removal crash
[17May2025 01:07:46.563] [Server thread/INFO] [com.yellowbrossproductions.illageandspillage.IllageAndSpillage/]: Removed entity.illageandspillage.engineer from Raids to prevent a post-mod-removal crash
[17May2025 01:07:46.563] [Server thread/INFO] [com.yellowbrossproductions.illageandspillage.IllageAndSpillage/]: Removed entity.illageandspillage.twittollager from Raids to prevent a post-mod-removal crash
[17May2025 01:07:46.563] [Server thread/INFO] [com.yellowbrossproductions.illageandspillage.IllageAndSpillage/]: Removed entity.illageandspillage.magispeller from Raids to prevent a post-mod-removal crash
[17May2025 01:07:46.563] [Server thread/INFO] [com.yellowbrossproductions.illageandspillage.IllageAndSpillage/]: Removed entity.illageandspillage.spiritcaller from Raids to prevent a post-mod-removal crash
[17May2025 01:07:46.563] [Server thread/INFO] [com.yellowbrossproductions.illageandspillage.IllageAndSpillage/]: Removed entity.illageandspillage.crocofang from Raids to prevent a post-mod-removal crash
[17May2025 01:07:46.563] [Server thread/INFO] [com.yellowbrossproductions.illageandspillage.IllageAndSpillage/]: Removed entity.illageandspillage.absorber from Raids to prevent a post-mod-removal crash
[17May2025 01:07:46.564] [Server thread/INFO] [com.yellowbrossproductions.illageandspillage.IllageAndSpillage/]: Removed entity.illageandspillage.preserver from Raids to prevent a post-mod-removal crash
[17May2025 01:07:46.564] [Server thread/INFO] [com.yellowbrossproductions.illageandspillage.IllageAndSpillage/]: Removed entity.illageandspillage.freakager from Raids to prevent a post-mod-removal crash
[17May2025 01:07:46.564] [Server thread/INFO] [com.yellowbrossproductions.illageandspillage.IllageAndSpillage/]: Removed entity.illageandspillage.old_freakager from Raids to prevent a post-mod-removal crash
[17May2025 01:07:46.564] [Server thread/INFO] [com.yellowbrossproductions.illageandspillage.IllageAndSpillage/]: Removed entity.illageandspillage.old_magispeller from Raids to prevent a post-mod-removal crash
[17May2025 01:07:46.564] [Server thread/INFO] [com.yellowbrossproductions.illageandspillage.IllageAndSpillage/]: Removed entity.illageandspillage.boss_randomizer from Raids to prevent a post-mod-removal crash
[17May2025 01:07:46.564] [Server thread/INFO] [com.yellowbrossproductions.illageandspillage.IllageAndSpillage/]: Removed entity.illageandspillage.igniter from Raids to prevent a post-mod-removal crash
[17May2025 01:07:46.564] [Server thread/INFO] [com.yellowbrossproductions.illageandspillage.IllageAndSpillage/]: Removed entity.illageandspillage.engineer from Raids to prevent a post-mod-removal crash
[17May2025 01:07:46.564] [Server thread/INFO] [com.yellowbrossproductions.illageandspillage.IllageAndSpillage/]: Removed entity.illageandspillage.twittollager from Raids to prevent a post-mod-removal crash
[17May2025 01:07:46.564] [Server thread/INFO] [com.yellowbrossproductions.illageandspillage.IllageAndSpillage/]: Removed entity.illageandspillage.magispeller from Raids to prevent a post-mod-removal crash
[17May2025 01:07:46.565] [Server thread/INFO] [com.yellowbrossproductions.illageandspillage.IllageAndSpillage/]: Removed entity.illageandspillage.spiritcaller from Raids to prevent a post-mod-removal crash
[17May2025 01:07:46.565] [Server thread/INFO] [com.yellowbrossproductions.illageandspillage.IllageAndSpillage/]: Removed entity.illageandspillage.crocofang from Raids to prevent a post-mod-removal crash
[17May2025 01:07:46.565] [Server thread/INFO] [com.yellowbrossproductions.illageandspillage.IllageAndSpillage/]: Removed entity.illageandspillage.absorber from Raids to prevent a post-mod-removal crash
[17May2025 01:07:46.565] [Server thread/INFO] [com.yellowbrossproductions.illageandspillage.IllageAndSpillage/]: Removed entity.illageandspillage.preserver from Raids to prevent a post-mod-removal crash
[17May2025 01:07:46.565] [Server thread/INFO] [com.yellowbrossproductions.illageandspillage.IllageAndSpillage/]: Removed entity.illageandspillage.freakager from Raids to prevent a post-mod-removal crash
[17May2025 01:07:46.565] [Server thread/INFO] [com.yellowbrossproductions.illageandspillage.IllageAndSpillage/]: Removed entity.illageandspillage.old_freakager from Raids to prevent a post-mod-removal crash
[17May2025 01:07:46.565] [Server thread/INFO] [com.yellowbrossproductions.illageandspillage.IllageAndSpillage/]: Removed entity.illageandspillage.old_magispeller from Raids to prevent a post-mod-removal crash
[17May2025 01:07:46.566] [Server thread/INFO] [com.yellowbrossproductions.illageandspillage.IllageAndSpillage/]: Removed entity.illageandspillage.boss_randomizer from Raids to prevent a post-mod-removal crash
[17May2025 01:07:46.566] [Server thread/INFO] [com.yellowbrossproductions.illageandspillage.IllageAndSpillage/]: Removed entity.illageandspillage.igniter from Raids to prevent a post-mod-removal crash
[17May2025 01:07:46.566] [Server thread/INFO] [com.yellowbrossproductions.illageandspillage.IllageAndSpillage/]: Removed entity.illageandspillage.engineer from Raids to prevent a post-mod-removal crash
[17May2025 01:07:46.566] [Server thread/INFO] [com.yellowbrossproductions.illageandspillage.IllageAndSpillage/]: Removed entity.illageandspillage.twittollager from Raids to prevent a post-mod-removal crash
[17May2025 01:07:46.566] [Server thread/INFO] [com.yellowbrossproductions.illageandspillage.IllageAndSpillage/]: Removed entity.illageandspillage.magispeller from Raids to prevent a post-mod-removal crash
[17May2025 01:07:46.566] [Server thread/INFO] [com.yellowbrossproductions.illageandspillage.IllageAndSpillage/]: Removed entity.illageandspillage.spiritcaller from Raids to prevent a post-mod-removal crash
[17May2025 01:07:46.566] [Server thread/INFO] [com.yellowbrossproductions.illageandspillage.IllageAndSpillage/]: Removed entity.illageandspillage.crocofang from Raids to prevent a post-mod-removal crash
[17May2025 01:07:46.566] [Server thread/INFO] [com.yellowbrossproductions.illageandspillage.IllageAndSpillage/]: Removed entity.illageandspillage.absorber from Raids to prevent a post-mod-removal crash
[17May2025 01:07:46.566] [Server thread/INFO] [com.yellowbrossproductions.illageandspillage.IllageAndSpillage/]: Removed entity.illageandspillage.preserver from Raids to prevent a post-mod-removal crash
[17May2025 01:07:46.566] [Server thread/INFO] [com.yellowbrossproductions.illageandspillage.IllageAndSpillage/]: Removed entity.illageandspillage.freakager from Raids to prevent a post-mod-removal crash
[17May2025 01:07:46.566] [Server thread/INFO] [com.yellowbrossproductions.illageandspillage.IllageAndSpillage/]: Removed entity.illageandspillage.old_freakager from Raids to prevent a post-mod-removal crash
[17May2025 01:07:46.566] [Server thread/INFO] [com.yellowbrossproductions.illageandspillage.IllageAndSpillage/]: Removed entity.illageandspillage.old_magispeller from Raids to prevent a post-mod-removal crash
[17May2025 01:07:46.568] [Server thread/INFO] [Framework/]: Unloading server configs...
[17May2025 01:07:46.570] [Server thread/INFO] [Framework/]: Sending config unload event for refurbished_furniture.server.toml
[17May2025 01:07:46.570] [Server thread/INFO] [Framework/]: Sending config unload event for backpacked.server.toml
[17May2025 01:07:46.571] [Server thread/INFO] [Framework/]: Finished unloading server configs
[17May2025 01:07:46.621] [Server thread/INFO] [journeymap/]: Loading JourneyMap Forge Configs
